<?xml version="1.0" encoding="UTF-8"?>
<!-- Generated by org.testng.reporters.JUnitReportReporter -->
<testsuite skipped="0" hostname="DESKTOP-7PESHKB" name="modules.SearchTest" tests="1" failures="0" timestamp="11 Oct 2017 11:33:05 GMT" time="1.024" errors="0">
  <testcase name="getWeb" time="1.024" classname="modules.SearchTest"/>
</testsuite> <!-- modules.SearchTest -->
