<?xml version="1.0" encoding="UTF-8"?>
<!-- Generated by org.testng.reporters.JUnitReportReporter -->
<testsuite skipped="0" hostname="DESKTOP-7PESHKB" name="modules.OrderTest" tests="7" failures="0" timestamp="11 Oct 2017 11:33:05 GMT" time="101.832" errors="0">
  <testcase name="order001_CheckCartInfoNoLogin" time="6.193" classname="modules.OrderTest"/>
  <testcase name="order004_OrderNoMenu" time="9.426" classname="modules.OrderTest"/>
  <testcase name="order003_AddMenuNoLogin" time="2.763" classname="modules.OrderTest"/>
  <testcase name="order008_AddCart" time="10.451" classname="modules.OrderTest"/>
  <testcase name="order007_CheckNote" time="19.215" classname="modules.OrderTest"/>
  <testcase name="order005_AddMenuAfterLogin" time="50.373" classname="modules.OrderTest"/>
  <testcase name="order002_OrderNoLogin" time="3.411" classname="modules.OrderTest"/>
</testsuite> <!-- modules.OrderTest -->
