<?xml version="1.0" encoding="UTF-8"?>
<!-- Generated by org.testng.reporters.JUnitReportReporter -->
<testsuite skipped="0" hostname="DESKTOP-68N07VS" name="modules.OrderTest" tests="8" failures="0" timestamp="11 Oct 2017 16:06:47 GMT" time="496.277" errors="0">
  <testcase name="order008_AddCart" time="10.339" classname="modules.OrderTest"/>
  <testcase name="order002_OrderNoLogin" time="3.626" classname="modules.OrderTest"/>
  <testcase name="order004_OrderNoMenu" time="8.764" classname="modules.OrderTest"/>
  <testcase name="order007_CheckNote" time="18.641" classname="modules.OrderTest"/>
  <testcase name="order009_RemoveCart" time="12.284" classname="modules.OrderTest"/>
  <testcase name="order001_CheckCartInfoNoLogin" time="6.428" classname="modules.OrderTest"/>
  <testcase name="order005_AddMenuAfterLogin" time="433.229" classname="modules.OrderTest"/>
  <testcase name="order003_AddMenuNoLogin" time="2.966" classname="modules.OrderTest"/>
</testsuite> <!-- modules.OrderTest -->
