<?xml version="1.0" encoding="UTF-8"?>
<!-- Generated by org.testng.reporters.JUnitReportReporter -->
<testsuite skipped="0" hostname="DESKTOP-7PESHKB" name="modules.SearchTest" tests="2" failures="0" timestamp="06 Oct 2017 10:09:10 GMT" time="4.722" errors="0">
  <testcase name="search" time="3.614" classname="modules.SearchTest"/>
  <testcase name="getWeb" time="1.108" classname="modules.SearchTest"/>
</testsuite> <!-- modules.SearchTest -->
