<?xml version="1.0" encoding="UTF-8"?>
<!-- Generated by org.testng.reporters.JUnitReportReporter -->
<testsuite skipped="0" hostname="DESKTOP-7PESHKB" name="modules.TestNG" tests="1" failures="0" timestamp="06 Oct 2017 08:44:22 GMT" time="0.145" errors="0">
  <testcase name="f" time="0.145" classname="modules.TestNG"/>
</testsuite> <!-- modules.TestNG -->
