<?xml version="1.0" encoding="UTF-8"?>
<!-- Generated by org.testng.reporters.JUnitReportReporter -->
<testsuite skipped="0" hostname="DESKTOP-68N07VS" name="modules.SearchTest" tests="1" failures="0" timestamp="11 Oct 2017 16:06:47 GMT" time="1.777" errors="0">
  <testcase name="getWeb" time="1.777" classname="modules.SearchTest"/>
</testsuite> <!-- modules.SearchTest -->
